\BOOKMARK [0][-]{chapter.1}{Data\040Structure}{}% 1
\BOOKMARK [1][-]{section.1.1}{Trie}{chapter.1}% 2
\BOOKMARK [2][-]{subsection.1.1.1}{Static\040Trie}{section.1.1}% 3
\BOOKMARK [1][-]{section.1.2}{RMQ}{chapter.1}% 4
\BOOKMARK [2][-]{subsection.1.2.1}{Bit}{section.1.2}% 5
\BOOKMARK [2][-]{subsection.1.2.2}{Square\040Root\040Decompostion}{section.1.2}% 6
\BOOKMARK [2][-]{subsection.1.2.3}{MO's\040Algorithm}{section.1.2}% 7
\BOOKMARK [2][-]{subsection.1.2.4}{Segment\040Tree}{section.1.2}% 8
\BOOKMARK [2][-]{subsection.1.2.5}{Sliding\040Window\040RMQ}{section.1.2}% 9
\BOOKMARK [2][-]{subsection.1.2.6}{Sparse\040Table}{section.1.2}% 10
\BOOKMARK [1][-]{section.1.3}{Heavy\040Light\040Decomposition}{chapter.1}% 11
\BOOKMARK [1][-]{section.1.4}{Ternary\040Bit\040Mask}{chapter.1}% 12
\BOOKMARK [1][-]{section.1.5}{Largest\040Rectangle\040in\040Histogram\040}{chapter.1}% 13
\BOOKMARK [2][-]{subsection.1.5.1}{Largest\040rectangle\040in\040histogram\040using\040Stack}{section.1.5}% 14
\BOOKMARK [2][-]{subsection.1.5.2}{Largest\040rectangle\040in\040histogram\040using\040Segment\040Tree}{section.1.5}% 15
\BOOKMARK [1][-]{section.1.6}{Least\040common\040ancestor\040\(LCA\)}{chapter.1}% 16
\BOOKMARK [0][-]{chapter.2}{Graph\040Theory}{}% 17
\BOOKMARK [1][-]{section.2.1}{DFS}{chapter.2}% 18
\BOOKMARK [2][-]{subsection.2.1.1}{Bicoloring}{section.2.1}% 19
\BOOKMARK [2][-]{subsection.2.1.2}{Cycle\040Finding}{section.2.1}% 20
\BOOKMARK [1][-]{section.2.2}{Topological\040Sort}{chapter.2}% 21
\BOOKMARK [1][-]{section.2.3}{Havel\040Hakimi}{chapter.2}% 22
\BOOKMARK [1][-]{section.2.4}{Articulation\040Point/Bridge}{chapter.2}% 23
\BOOKMARK [2][-]{subsection.2.4.1}{Find\040Articulation\040Point:}{section.2.4}% 24
\BOOKMARK [2][-]{subsection.2.4.2}{Find\040Bridge\040version\0401:}{section.2.4}% 25
\BOOKMARK [2][-]{subsection.2.4.3}{Find\040Bridge\040version\0402:}{section.2.4}% 26
\BOOKMARK [2][-]{subsection.2.4.4}{2\040SAT}{section.2.4}% 27
\BOOKMARK [0][-]{chapter.3}{Flow\040networks/\040matching}{}% 28
\BOOKMARK [1][-]{section.3.1}{Max\040Flow}{chapter.3}% 29
\BOOKMARK [1][-]{section.3.2}{Maximum\040Bipartite\040Matching}{chapter.3}% 30
\BOOKMARK [0][-]{chapter.4}{Dynamic\040programming}{}% 31
\BOOKMARK [1][-]{section.4.1}{Edit\040Distance}{chapter.4}% 32
\BOOKMARK [1][-]{section.4.2}{Distinct\040Sub\040Sequence}{chapter.4}% 33
\BOOKMARK [1][-]{section.4.3}{Knuth\040Optimization}{chapter.4}% 34
\BOOKMARK [0][-]{chapter.5}{Strings}{}% 35
\BOOKMARK [1][-]{section.5.1}{KMP}{chapter.5}% 36
\BOOKMARK [1][-]{section.5.2}{Aho\040Corasick}{chapter.5}% 37
\BOOKMARK [2][-]{subsection.5.2.1}{Aho\040Corasick\040with\040Dynamic\040Trie}{section.5.2}% 38
\BOOKMARK [2][-]{subsection.5.2.2}{Aho\040Corasick\040with\040Static\040Trie}{section.5.2}% 39
\BOOKMARK [1][-]{section.5.3}{Manacher's\040Algorithm}{chapter.5}% 40
\BOOKMARK [0][-]{chapter.6}{Math}{}% 41
\BOOKMARK [1][-]{section.6.1}{Reduce\040Ratio}{chapter.6}% 42
\BOOKMARK [1][-]{section.6.2}{Floyd's\040Cycle\040Finding\040algorithm}{chapter.6}% 43
\BOOKMARK [1][-]{section.6.3}{Angle\040between\040clock\040hand}{chapter.6}% 44
\BOOKMARK [1][-]{section.6.4}{Big\040Integer}{chapter.6}% 45
\BOOKMARK [0][-]{chapter.7}{Number\040Theory}{}% 46
\BOOKMARK [1][-]{section.7.1}{Greatest\040common\040divisor\040\(GCD\)}{chapter.7}% 47
\BOOKMARK [1][-]{section.7.2}{Least\040common\040multiple\040\(LCM\)}{chapter.7}% 48
\BOOKMARK [1][-]{section.7.3}{Big\040Mod}{chapter.7}% 49
\BOOKMARK [2][-]{subsection.7.3.1}{Iterative\040version}{section.7.3}% 50
\BOOKMARK [2][-]{subsection.7.3.2}{Recursive\040version}{section.7.3}% 51
\BOOKMARK [1][-]{section.7.4}{Sieve\040of\040Eratosthenes}{chapter.7}% 52
\BOOKMARK [2][-]{subsection.7.4.1}{Sieve}{section.7.4}% 53
\BOOKMARK [2][-]{subsection.7.4.2}{Bitwise\040Sieve}{section.7.4}% 54
\BOOKMARK [1][-]{section.7.5}{Euler's\040totient\040function}{chapter.7}% 55
\BOOKMARK [2][-]{subsection.7.5.1}{Euler\040phi\040sieve\040version}{section.7.5}% 56
\BOOKMARK [2][-]{subsection.7.5.2}{Euler\040phi\040function}{section.7.5}% 57
\BOOKMARK [1][-]{section.7.6}{Number\040of\040Divisors}{chapter.7}% 58
\BOOKMARK [2][-]{subsection.7.6.1}{NOD\040sieve\040version}{section.7.6}% 59
\BOOKMARK [2][-]{subsection.7.6.2}{NOD\040function}{section.7.6}% 60
\BOOKMARK [1][-]{section.7.7}{Summation\040of\040Divisors}{chapter.7}% 61
\BOOKMARK [1][-]{section.7.8}{Extended\040Euclid\040GCD}{chapter.7}% 62
\BOOKMARK [1][-]{section.7.9}{Modular\040multiplicative\040inverse}{chapter.7}% 63
\BOOKMARK [2][-]{subsection.7.9.1}{Modular\040inverse\040using\040EGCD}{section.7.9}% 64
\BOOKMARK [2][-]{subsection.7.9.2}{Modular\040multiplicative\040inverse\040using\040Euler\040Theorem}{section.7.9}% 65
\BOOKMARK [1][-]{section.7.10}{NCR}{chapter.7}% 66
\BOOKMARK [2][-]{subsection.7.10.1}{Lucas\040Theorem}{section.7.10}% 67
\BOOKMARK [0][-]{chapter.8}{Computational\040geometry}{}% 68
